Using pre-set license
Built from '2020.3/staging' branch; Version is '2020.3.22f1 (e1a7f79fd887) revision 14788599'; Using compiler version '192528614'; Build Type 'Release'
OS: 'Windows 10 Home; OS build 19042.1348; Version 2009; 64bit' Language: 'en' Physical Memory: 16339 MB
BatchMode: 1, IsHumanControllingUs: 0, StartBugReporterOnCrash: 0, Is64bit: 1, IsPro: 0

COMMAND LINE ARGUMENTS:
C:\Program Files\Unity\Hub\Editor\2020.3.22f1\Editor\Unity.exe
-adb2
-batchMode
-noUpm
-name
AssetImportWorker0
-projectPath
D:/YourVRExperience/8BricksDefense
-logFile
Logs/AssetImportWorker0.log
-srvPort
1028
Successfully changed project path to: D:/YourVRExperience/8BricksDefense
D:/YourVRExperience/8BricksDefense
Using Asset Import Pipeline V2.
Refreshing native plugins compatible for Editor in 146.29 ms, found 2 plugins.
Preloading 0 native plugins for Editor in 0.00 ms.
Initialize engine version: 2020.3.22f1 (e1a7f79fd887)
[Subsystems] Discovering subsystems at path C:/Program Files/Unity/Hub/Editor/2020.3.22f1/Editor/Data/Resources/UnitySubsystems
[Subsystems] Discovering subsystems at path D:/YourVRExperience/8BricksDefense/Assets
GfxDevice: creating device client; threaded=0
Direct3D:
    Version:  Direct3D 11.0 [level 11.1]
    Renderer: NVIDIA GeForce GTX 1060 with Max-Q Design (ID=0x1c60)
    Vendor:   
    VRAM:     6052 MB
    Driver:   27.21.14.5148
Initialize mono
Mono path[0] = 'C:/Program Files/Unity/Hub/Editor/2020.3.22f1/Editor/Data/Managed'
Mono path[1] = 'C:/Program Files/Unity/Hub/Editor/2020.3.22f1/Editor/Data/MonoBleedingEdge/lib/mono/unityjit'
Mono config path = 'C:/Program Files/Unity/Hub/Editor/2020.3.22f1/Editor/Data/MonoBleedingEdge/etc'
Using monoOptions --debugger-agent=transport=dt_socket,embedding=1,server=y,suspend=n,address=127.0.0.1:56112
Begin MonoManager ReloadAssembly
Registering precompiled unity dll's ...
Register platform support module: C:/Program Files/Unity/Hub/Editor/2020.3.22f1/Editor/Data/PlaybackEngines/WindowsStandaloneSupport/UnityEditor.WindowsStandalone.Extensions.dll
Registered in 0.003368 seconds.
Native extension for WindowsStandalone target not found
Refreshing native plugins compatible for Editor in 113.96 ms, found 2 plugins.
Preloading 0 native plugins for Editor in 0.00 ms.
Mono: successfully reloaded assembly
- Completed reload, in  2.441 seconds
Domain Reload Profiling:
	ReloadAssembly (2442ms)
		BeginReloadAssembly (128ms)
			ExecutionOrderSort (0ms)
			DisableScriptedObjects (0ms)
			BackupInstance (0ms)
			ReleaseScriptingObjects (0ms)
			CreateAndSetChildDomain (1ms)
		EndReloadAssembly (924ms)
			LoadAssemblies (124ms)
			RebuildTransferFunctionScriptingTraits (0ms)
			SetupTypeCache (308ms)
			ReleaseScriptCaches (0ms)
			RebuildScriptCaches (63ms)
			SetupLoadedEditorAssemblies (356ms)
				LogAssemblyErrors (0ms)
				InitializePlatformSupportModulesInManaged (7ms)
				SetLoadedEditorAssemblies (0ms)
				RefreshPlugins (114ms)
				BeforeProcessingInitializeOnLoad (24ms)
				ProcessInitializeOnLoadAttributes (156ms)
				ProcessInitializeOnLoadMethodAttributes (55ms)
				AfterProcessingInitializeOnLoad (0ms)
				EditorAssembliesLoaded (0ms)
			ExecutionOrderSort2 (0ms)
			AwakeInstancesAfterBackupRestoration (0ms)
Platform modules already initialized, skipping
Registering precompiled user dll's ...
Registered in 0.014672 seconds.
Begin MonoManager ReloadAssembly
Native extension for WindowsStandalone target not found
Refreshing native plugins compatible for Editor in 4.99 ms, found 2 plugins.
Preloading 0 native plugins for Editor in 0.00 ms.
Find all reader and writers took 204 milliseconds
Script Module: UnityEngine.UI.dll
Weave behaviours and messages took124 milliseconds
Find all reader and writers took 159 milliseconds
Script Module: UnityEngine.SpatialTracking.dll
Weave behaviours and messages took4 milliseconds
Find all reader and writers took 170 milliseconds
Script Module: UnityEngine.TestRunner.dll
Weave behaviours and messages took43 milliseconds
Find all reader and writers took 150 milliseconds
Script Module: SimpleWebTransport.dll
Weave behaviours and messages took11 milliseconds
Find all reader and writers took 142 milliseconds
Script Module: UnityEngine.Purchasing.WinRTCore.dll
Weave behaviours and messages took0 milliseconds
Find all reader and writers took 151 milliseconds
Script Module: UnityEngine.XR.LegacyInputHelpers.dll
Weave behaviours and messages took5 milliseconds
Find all reader and writers took 150 milliseconds
Script Module: UnityEngine.Monetization.dll
Weave behaviours and messages took20 milliseconds
Find all reader and writers took 153 milliseconds
Script Module: UnityEngine.Purchasing.AppleCore.dll
Weave behaviours and messages took0 milliseconds
Find all reader and writers took 161 milliseconds
Script Module: PhotonUnityNetworking.Demos.dll
Weave behaviours and messages took71 milliseconds
Find all reader and writers took 175 milliseconds
Script Module: Unity.TextMeshPro.dll
Weave behaviours and messages took125 milliseconds
Find all reader and writers took 150 milliseconds
Script Module: UnityEngine.Advertisements.dll
Weave behaviours and messages took14 milliseconds
Find all reader and writers took 153 milliseconds
Script Module: UnityEngine.Purchasing.Stores.dll
Weave behaviours and messages took52 milliseconds
Find all reader and writers took 158 milliseconds
Script Module: Unity.Timeline.dll
Weave behaviours and messages took43 milliseconds
Find all reader and writers took 192 milliseconds
Script Module: UnityEngine.Purchasing.dll
Weave behaviours and messages took16 milliseconds
Find all reader and writers took 204 milliseconds
Script Module: PhotonRealtime.dll
Weave behaviours and messages took41 milliseconds
Find all reader and writers took 140 milliseconds
Script Module: Telepathy.dll
Weave behaviours and messages took5 milliseconds
Find all reader and writers took 176 milliseconds
Script Module: PhotonUnityNetworking.dll
Weave behaviours and messages took36 milliseconds
Find all reader and writers took 220 milliseconds
Script Module: PhotonUnityNetworking.Utilities.dll
Weave behaviours and messages took35 milliseconds
Find all reader and writers took 147 milliseconds
Script Module: UnityEngine.Purchasing.SecurityStub.dll
Weave behaviours and messages took0 milliseconds
Find all reader and writers took 164 milliseconds
Script Module: Purchasing.Common.dll
Weave behaviours and messages took5 milliseconds
Find all reader and writers took 146 milliseconds
Script Module: UnityEngine.Purchasing.SecurityCore.dll
Weave behaviours and messages took0 milliseconds
Find all reader and writers took 158 milliseconds
Script Module: PhotonChat.dll
Weave behaviours and messages took9 milliseconds
Find all reader and writers took 152 milliseconds
Script Module: kcp2k.dll
Weave behaviours and messages took6 milliseconds
Find all reader and writers took 140 milliseconds
Script Module: UnityEngine.Purchasing.WinRTStub.dll
Weave behaviours and messages took0 milliseconds
Find all reader and writers took 151 milliseconds
Script Module: UnityEngine.Purchasing.AppleMacosStub.dll
Weave behaviours and messages took1 milliseconds
Find all reader and writers took 170 milliseconds
Script Module: Assembly-CSharp-firstpass.dll
Weave behaviours and messages took21 milliseconds
Find all reader and writers took 143 milliseconds
Script Module: Unity.Analytics.DataPrivacy.dll
Weave behaviours and messages took0 milliseconds
Find all reader and writers took 162 milliseconds
Script Module: UnityEngine.Purchasing.Codeless.dll
Weave behaviours and messages took2 milliseconds
Find all reader and writers took 141 milliseconds
Script Module: UnityEngine.Purchasing.AppleStub.dll
Weave behaviours and messages took1 milliseconds
Find all reader and writers took 264 milliseconds
Script Module: UnityEditor.TestRunner.dll
Weave behaviours and messages took70 milliseconds
Find all reader and writers took 240 milliseconds
Script Module: UnityEditor.Purchasing.dll
Weave behaviours and messages took19 milliseconds
Find all reader and writers took 154 milliseconds
Script Module: Mirror.CompilerSymbols.dll
Weave behaviours and messages took0 milliseconds
Find all reader and writers took 202 milliseconds
Script Module: UnityEditor.UI.dll
Weave behaviours and messages took31 milliseconds
Find all reader and writers took 199 milliseconds
Script Module: UnityEditor.SpatialTracking.dll
Weave behaviours and messages took4 milliseconds
Find all reader and writers took 204 milliseconds
Script Module: UnityEditor.XR.LegacyInputHelpers.dll
Weave behaviours and messages took1 milliseconds
Find all reader and writers took 210 milliseconds
Script Module: PunDemos.DemoSlotcarEditor.dll
Weave behaviours and messages took1 milliseconds
